Build started 2018/4/5 17:37:15.
     1>Project "F:\faster rcnn\caffe-master\windows\rubbish_detect\rubbish_detect\rubbish_detect\rubbish_detect.vcxproj" on node 2 (Rebuild target(s)).
     1>ClCompile:
         C:\Program Files (x86)\Microsoft Visual Studio 12.0\VC\bin\CL.exe /c /I"F:\faster rcnn\caffe-master\faster_3rdparty\include\opencv2" /I"F:\faster rcnn\caffe-master\faster_3rdparty\include" /ZI /nologo /W3 /WX- /sdl /Od /Oy- /D WIN32 /D _WINDOWS /D _DEBUG /D _UNICODE /D UNICODE /D _AFXDLL /Gm /EHsc /RTC1 /MDd /GS /fp:precise /Zc:wchar_t /Zc:forScope /Yc"stdafx.h" /Fp"Debug\rubbish_detect.pch" /Fo"Debug\\" /Fd"Debug\vc120.pdb" /Gd /TP /analyze- /errorReport:prompt stdafx.cpp
         stdafx.cpp
         C:\Program Files (x86)\Microsoft Visual Studio 12.0\VC\bin\CL.exe /c /I"F:\faster rcnn\caffe-master\faster_3rdparty\include\opencv2" /I"F:\faster rcnn\caffe-master\faster_3rdparty\include" /ZI /nologo /W3 /WX- /sdl /Od /Oy- /D WIN32 /D _WINDOWS /D _DEBUG /D _UNICODE /D UNICODE /D _AFXDLL /Gm /EHsc /RTC1 /MDd /GS /fp:precise /Zc:wchar_t /Zc:forScope /Yu"stdafx.h" /Fp"Debug\rubbish_detect.pch" /Fo"Debug\\" /Fd"Debug\vc120.pdb" /Gd /TP /analyze- /errorReport:prompt CvvImage.cpp rubbish_detect.cpp rubbish_detectDlg.cpp
         rubbish_detectDlg.cpp
         rubbish_detect.cpp
         CvvImage.cpp
         Generating Code...
       ResourceCompile:
         C:\Program Files (x86)\Windows Kits\8.1\bin\x86\rc.exe /D _DEBUG /D _UNICODE /D UNICODE /D _AFXDLL /l"0x0409" /IDebug\ /nologo /fo"Debug\rubbish_detect.res" rubbish_detect.rc 
       Link:
         C:\Program Files (x86)\Microsoft Visual Studio 12.0\VC\bin\link.exe /ERRORREPORT:PROMPT /OUT:"F:\faster rcnn\caffe-master\windows\rubbish_detect\rubbish_detect\Debug\rubbish_detect.exe" /INCREMENTAL /NOLOGO /LIBPATH:F:\Opencv2.4.10\opencv\build\x64\vc12\lib opencv_calib3d2410d.lib opencv_contrib2410d.lib opencv_core2410d.lib opencv_features2d2410d.lib opencv_flann2410d.lib opencv_gpu2410d.lib opencv_highgui2410d.lib opencv_imgproc2410d.lib opencv_legacy2410d.lib opencv_ml2410d.lib opencv_objdetect2410d.lib opencv_ts2410d.lib opencv_video2410d.lib /MANIFEST /MANIFESTUAC:"level='asInvoker' uiAccess='false'" /manifest:embed /manifestinput:"C:\Program Files (x86)\Microsoft Visual Studio 12.0\VC\Include\Manifest\dpiaware.manifest" /DEBUG /PDB:"F:\faster rcnn\caffe-master\windows\rubbish_detect\rubbish_detect\Debug\rubbish_detect.pdb" /SUBSYSTEM:WINDOWS /TLBID:1 /ENTRY:"wWinMainCRTStartup" /DYNAMICBASE /NXCOMPAT /IMPLIB:"F:\faster rcnn\caffe-master\windows\rubbish_detect\rubbish_detect\Debug\rubbish_detect.lib" /MACHINE:X86 Debug\rubbish_detect.res
         Debug\CvvImage.obj
         Debug\rubbish_detect.obj
         Debug\rubbish_detectDlg.obj
         Debug\stdafx.obj
     1>CvvImage.obj : error LNK2019: unresolved external symbol _cvCreateImage referenced in function "public: virtual bool __thiscall CvvImage::Create(int,int,int,int)" (?Create@CvvImage@@UAE_NHHHH@Z)
     1>CvvImage.obj : error LNK2019: unresolved external symbol _cvReleaseImage referenced in function "public: virtual void __thiscall CvvImage::Destroy(void)" (?Destroy@CvvImage@@UAEXXZ)
     1>CvvImage.obj : error LNK2019: unresolved external symbol _cvSetImageROI referenced in function "public: virtual bool __thiscall CvvImage::LoadRect(char const *,int,struct CvRect)" (?LoadRect@CvvImage@@UAE_NPBDHUCvRect@@@Z)
     1>CvvImage.obj : error LNK2019: unresolved external symbol _cvGetImageROI referenced in function "public: virtual void __thiscall CvvImage::DrawToHDC(struct HDC__ *,struct tagRECT *)" (?DrawToHDC@CvvImage@@UAEXPAUHDC__@@PAUtagRECT@@@Z)
     1>CvvImage.obj : error LNK2019: unresolved external symbol _cvGetSize referenced in function "public: virtual void __thiscall CvvImage::CopyOf(struct _IplImage *,int)" (?CopyOf@CvvImage@@UAEXPAU_IplImage@@H@Z)
     1>CvvImage.obj : error LNK2019: unresolved external symbol _cvSet referenced in function "public: virtual void __thiscall CvvImage::Fill(int)" (?Fill@CvvImage@@UAEXH@Z)
     1>CvvImage.obj : error LNK2019: unresolved external symbol _cvShowImage referenced in function "public: virtual void __thiscall CvvImage::Show(char const *)" (?Show@CvvImage@@UAEXPBD@Z)
     1>CvvImage.obj : error LNK2019: unresolved external symbol _cvLoadImage referenced in function "public: virtual bool __thiscall CvvImage::Load(char const *,int)" (?Load@CvvImage@@UAE_NPBDH@Z)
     1>CvvImage.obj : error LNK2019: unresolved external symbol _cvSaveImage referenced in function "public: virtual bool __thiscall CvvImage::Save(char const *)" (?Save@CvvImage@@UAE_NPBD@Z)
     1>CvvImage.obj : error LNK2019: unresolved external symbol _cvConvertImage referenced in function "public: virtual void __thiscall CvvImage::CopyOf(struct _IplImage *,int)" (?CopyOf@CvvImage@@UAEXPAU_IplImage@@H@Z)
     1>F:\faster rcnn\caffe-master\windows\rubbish_detect\rubbish_detect\Debug\rubbish_detect.exe : fatal error LNK1120: 10 unresolved externals
     1>Done Building Project "F:\faster rcnn\caffe-master\windows\rubbish_detect\rubbish_detect\rubbish_detect\rubbish_detect.vcxproj" (Rebuild target(s)) -- FAILED.

Build FAILED.

Time Elapsed 00:00:04.74
